<?xml version="1.0" encoding="UTF-8"?>
<testng-results ignored="0" total="4" passed="4" failed="0" skipped="0">
  <reporter-output>
  </reporter-output>
  <suite started-at="2022-05-07T09:24:23 CDT" name="Suite" finished-at="2022-05-07T09:24:23 CDT" duration-ms="84">
    <groups>
      <group name="Regression">
        <method signature="TestA.Test2()[pri:0, instance:tests.TestA@4738a206]" name="Test2" class="tests.TestA"/>
        <method signature="TestB.Test4()[pri:0, instance:tests.TestB@56cdfb3b]" name="Test4" class="tests.TestB"/>
      </group> <!-- Regression -->
      <group name="Smoke">
        <method signature="TestA.Test2()[pri:0, instance:tests.TestA@4738a206]" name="Test2" class="tests.TestA"/>
        <method signature="TestB.Test4()[pri:0, instance:tests.TestB@56cdfb3b]" name="Test4" class="tests.TestB"/>
      </group> <!-- Smoke -->
    </groups>
    <test started-at="2022-05-07T09:24:23 CDT" name="Test" finished-at="2022-05-07T09:24:23 CDT" duration-ms="84">
      <class name="tests.TestB">
        <test-method signature="Test3()[pri:0, instance:tests.TestB@56cdfb3b]" started-at="2022-05-07T09:24:23 CDT" name="Test3" finished-at="2022-05-07T09:24:23 CDT" duration-ms="11" status="PASS">
          <reporter-output>
          </reporter-output>
        </test-method> <!-- Test3 -->
        <test-method signature="Test4()[pri:0, instance:tests.TestB@56cdfb3b]" started-at="2022-05-07T09:24:23 CDT" name="Test4" finished-at="2022-05-07T09:24:23 CDT" duration-ms="3" status="PASS">
          <reporter-output>
          </reporter-output>
        </test-method> <!-- Test4 -->
      </class> <!-- tests.TestB -->
      <class name="tests.TestA">
        <test-method signature="Test1()[pri:0, instance:tests.TestA@4738a206]" started-at="2022-05-07T09:24:23 CDT" name="Test1" finished-at="2022-05-07T09:24:23 CDT" duration-ms="1" status="PASS">
          <reporter-output>
          </reporter-output>
        </test-method> <!-- Test1 -->
        <test-method signature="Test2()[pri:0, instance:tests.TestA@4738a206]" started-at="2022-05-07T09:24:23 CDT" name="Test2" finished-at="2022-05-07T09:24:23 CDT" duration-ms="1" status="PASS">
          <reporter-output>
          </reporter-output>
        </test-method> <!-- Test2 -->
      </class> <!-- tests.TestA -->
    </test> <!-- Test -->
  </suite> <!-- Suite -->
</testng-results>
